2025-09-10 12:16:13,951 - __main__ - INFO - Iniciando aplicación Generador de Horarios...
2025-09-10 12:16:14,154 - __main__ - ERROR - Error de importación: No module named 'database.repositories.base_repository'
2025-09-10 12:16:14,154 - __main__ - INFO - Aplicación finalizada
2025-09-10 12:20:17,553 - __main__ - INFO - Iniciando aplicación Generador de Horarios...
2025-09-10 12:20:17,691 - __main__ - ERROR - Error de importación: cannot import name 'ColorUtils' from 'logica.utils.color_utils' (c:\Users\Camilo\Desktop\proyecto_horarios\logica\utils\color_utils.py)
2025-09-10 12:20:17,693 - __main__ - INFO - Aplicación finalizada
2025-09-10 12:26:13,552 - __main__ - INFO - Iniciando aplicación Generador de Horarios...
2025-09-10 12:26:13,639 - __main__ - ERROR - Error de importación: cannot import name 'SidebarMaterias' from 'interfaz.components.sidebar_materias' (c:\Users\Camilo\Desktop\proyecto_horarios\interfaz\components\sidebar_materias.py)
2025-09-10 12:26:13,639 - __main__ - INFO - Aplicación finalizada
2025-09-10 12:27:07,302 - __main__ - INFO - Iniciando aplicación Generador de Horarios...
2025-09-10 12:27:07,368 - __main__ - ERROR - Error de importación: cannot import name 'GrillaHorario' from 'interfaz.components.grilla_horario' (c:\Users\Camilo\Desktop\proyecto_horarios\interfaz\components\grilla_horario.py)
2025-09-10 12:27:07,369 - __main__ - INFO - Aplicación finalizada
2025-09-10 12:32:36,588 - __main__ - INFO - Iniciando aplicación Generador de Horarios...
2025-09-10 12:32:36,658 - __main__ - ERROR - Error de importación: cannot import name 'ModernTheme' from 'interfaz.styles.modern_theme' (c:\Users\Camilo\Desktop\proyecto_horarios\interfaz\styles\modern_theme.py)
2025-09-10 12:32:36,658 - __main__ - INFO - Aplicación finalizada
2025-09-10 12:33:25,834 - __main__ - INFO - Iniciando aplicación Generador de Horarios...
2025-09-10 12:33:25,913 - __main__ - INFO - Inicializando base de datos...
2025-09-10 12:33:25,919 - database.connection - INFO - Conexión exitosa a la base de datos: c:\Users\Camilo\Desktop\proyecto_horarios\database\horarios.db
2025-09-10 12:33:25,923 - database.migrations - INFO - Ejecutando migración 001: Crear tablas principales
2025-09-10 12:33:25,923 - database.migrations - INFO - Tablas principales creadas exitosamente
2025-09-10 12:33:25,924 - database.migrations - INFO - Migración 001 completada exitosamente
2025-09-10 12:33:25,937 - database.migrations - INFO - Poblando datos iniciales...
2025-09-10 12:33:25,937 - database.migrations - INFO - Se insertaron 15 materias con sus grupos y sesiones
2025-09-10 12:33:25,938 - database.migrations - INFO - Datos iniciales poblados exitosamente
2025-09-10 12:33:25,939 - __main__ - INFO - Iniciando interfaz gráfica...
2025-09-10 12:33:26,390 - interfaz.controllers.main_controller - ERROR - Error cargando materias: type object 'ColorUtils' has no attribute 'generar_color_por_codigo'
2025-09-10 12:33:26,390 - __main__ - ERROR - Error inesperado: 'ModernTheme' object has no attribute 'aplicar_tema'
2025-09-10 12:33:26,391 - __main__ - INFO - Aplicación finalizada
