2025-09-10 19:07:04,222 - root - INFO - Logging configurado exitosamente.
2025-09-10 19:07:04,230 - database.connection - INFO - Conexión exitosa a la base de datos: C:\Users\Camilo\Desktop\proyecto_horarios\database\horarios.db
2025-09-10 19:07:04,334 - interfaz.controllers.main_controller - INFO - Cargadas 15 materias desde la base de datos
2025-09-10 19:07:04,558 - root - CRITICAL - --- OCURRIÓ UN ERROR GRAVE AL INICIAR ---
2025-09-10 19:07:04,558 - root - CRITICAL - ERROR: 'ModernTheme' object has no attribute 'crear_label_titulo'
Traceback (most recent call last):
  File "C:\Users\Camilo\Desktop\proyecto_horarios\main.py", line 52, in main
    app = MainWindow(db_manager)
  File "C:\Users\Camilo\Desktop\proyecto_horarios\interfaz\main_window.py", line 32, in __init__
    self._crear_widgets()
    ~~~~~~~~~~~~~~~~~~~^^
  File "C:\Users\Camilo\Desktop\proyecto_horarios\interfaz\main_window.py", line 66, in _crear_widgets
    self.grilla_horario = GrillaHorario(
                          ~~~~~~~~~~~~~^
        parent=main_frame,
        ^^^^^^^^^^^^^^^^^^
    ...<2 lines>...
        config=self.config
        ^^^^^^^^^^^^^^^^^^
    )
    ^
  File "C:\Users\Camilo\Desktop\proyecto_horarios\interfaz\components\grilla_horario.py", line 34, in __init__
    self._crear_area_grilla()
    ~~~~~~~~~~~~~~~~~~~~~~~^^
  File "C:\Users\Camilo\Desktop\proyecto_horarios\interfaz\components\grilla_horario.py", line 47, in _crear_area_grilla
    self._crear_header_horario()
    ~~~~~~~~~~~~~~~~~~~~~~~~~~^^
  File "C:\Users\Camilo\Desktop\proyecto_horarios\interfaz\components\grilla_horario.py", line 62, in _crear_header_horario
    title_horario = self.theme.crear_label_titulo(
                    ^^^^^^^^^^^^^^^^^^^^^^^^^^^^^
AttributeError: 'ModernTheme' object has no attribute 'crear_label_titulo'. Did you mean: 'crear_label_subtitulo'?
2025-09-10 19:09:32,463 - root - INFO - Logging configurado exitosamente.
2025-09-10 19:09:32,470 - database.connection - INFO - Conexión exitosa a la base de datos: C:\Users\Camilo\Desktop\proyecto_horarios\database\horarios.db
2025-09-10 19:09:32,557 - interfaz.controllers.main_controller - INFO - Cargadas 15 materias desde la base de datos
2025-09-10 19:09:47,393 - interfaz.components.sidebar_materias - INFO - Click en grupo: 9807 - Grupo 1
2025-09-10 19:09:47,394 - interfaz.main_window - INFO - Materia seleccionada para agregar: 9807, Grupo: Grupo 1
2025-09-10 19:09:47,403 - logica.services.horario_service - INFO - Grupo agregado al horario: Grupo 1 de AMBIENTES DE APRENDIZAJE
2025-09-10 19:09:47,771 - interfaz.components.sidebar_materias - INFO - Click en grupo: 9807 - Grupo 1
2025-09-10 19:09:47,771 - interfaz.main_window - INFO - Materia seleccionada para agregar: 9807, Grupo: Grupo 1
2025-09-10 19:09:48,023 - interfaz.components.sidebar_materias - INFO - Click en grupo: 9807 - Grupo 1
2025-09-10 19:09:48,023 - interfaz.main_window - INFO - Materia seleccionada para agregar: 9807, Grupo: Grupo 1
2025-09-10 19:09:55,576 - interfaz.components.sidebar_materias - INFO - Click en grupo: 9789 - Grupo 1
2025-09-10 19:09:55,577 - interfaz.main_window - INFO - Materia seleccionada para agregar: 9789, Grupo: Grupo 1
2025-09-10 19:09:55,578 - logica.services.horario_service - INFO - Grupo agregado al horario: Grupo 1 de APLICACIONES WEB EN SERVIDOR
2025-09-10 19:10:01,800 - interfaz.components.sidebar_materias - INFO - Click en grupo: 9791 - Grupo 1
2025-09-10 19:10:01,800 - interfaz.main_window - INFO - Materia seleccionada para agregar: 9791, Grupo: Grupo 1
2025-09-10 19:10:01,801 - logica.services.horario_service - INFO - Grupo agregado al horario: Grupo 1 de COMUNICACION VISUAL
2025-09-10 19:10:03,851 - interfaz.components.sidebar_materias - INFO - Click en grupo: 9791 - Grupo 2
2025-09-10 19:10:03,851 - interfaz.main_window - INFO - Materia seleccionada para agregar: 9791, Grupo: Grupo 2
2025-09-10 19:10:03,853 - logica.services.horario_service - INFO - Grupo agregado al horario: Grupo 2 de COMUNICACION VISUAL
2025-09-10 19:10:11,527 - interfaz.components.sidebar_materias - INFO - Click en grupo: 9808 - Grupo 1
2025-09-10 19:10:11,528 - interfaz.main_window - INFO - Materia seleccionada para agregar: 9808, Grupo: Grupo 1
2025-09-10 19:10:11,530 - logica.services.horario_service - INFO - Grupo agregado al horario: Grupo 1 de COMUNICACION Y REDES
2025-09-10 19:10:17,055 - interfaz.components.sidebar_materias - INFO - Click en grupo: 8320 - Grupo 1
2025-09-10 19:10:17,056 - interfaz.main_window - INFO - Materia seleccionada para agregar: 8320, Grupo: Grupo 1
2025-09-10 19:10:18,656 - interfaz.components.sidebar_materias - INFO - Click en grupo: 8320 - Grupo 1
2025-09-10 19:10:18,656 - interfaz.main_window - INFO - Materia seleccionada para agregar: 8320, Grupo: Grupo 1
2025-09-10 19:10:19,396 - interfaz.components.sidebar_materias - INFO - Click en grupo: 8320 - Grupo 1
2025-09-10 19:10:19,396 - interfaz.main_window - INFO - Materia seleccionada para agregar: 8320, Grupo: Grupo 1
2025-09-10 19:10:19,560 - interfaz.components.sidebar_materias - INFO - Click en grupo: 8320 - Grupo 1
2025-09-10 19:10:19,561 - interfaz.main_window - INFO - Materia seleccionada para agregar: 8320, Grupo: Grupo 1
2025-09-10 19:10:19,710 - interfaz.components.sidebar_materias - INFO - Click en grupo: 8320 - Grupo 1
2025-09-10 19:10:19,711 - interfaz.main_window - INFO - Materia seleccionada para agregar: 8320, Grupo: Grupo 1
2025-09-10 19:10:22,995 - interfaz.components.sidebar_materias - INFO - Click en grupo: 9785 - Grupo 1
2025-09-10 19:10:22,996 - interfaz.main_window - INFO - Materia seleccionada para agregar: 9785, Grupo: Grupo 1
2025-09-10 19:10:22,997 - logica.services.horario_service - INFO - Grupo agregado al horario: Grupo 1 de DESARROLLO DE SOFTWARE
2025-09-10 19:10:24,866 - interfaz.components.sidebar_materias - INFO - Click en grupo: 9785 - Grupo 2
2025-09-10 19:10:24,866 - interfaz.main_window - INFO - Materia seleccionada para agregar: 9785, Grupo: Grupo 2
2025-09-10 19:10:25,876 - interfaz.components.sidebar_materias - INFO - Click en grupo: 9785 - Grupo 2
2025-09-10 19:10:25,876 - interfaz.main_window - INFO - Materia seleccionada para agregar: 9785, Grupo: Grupo 2
2025-09-10 19:10:26,153 - interfaz.components.sidebar_materias - INFO - Click en grupo: 9785 - Grupo 2
2025-09-10 19:10:26,153 - interfaz.main_window - INFO - Materia seleccionada para agregar: 9785, Grupo: Grupo 2
2025-09-10 19:10:26,358 - interfaz.components.sidebar_materias - INFO - Click en grupo: 9785 - Grupo 2
2025-09-10 19:10:26,358 - interfaz.main_window - INFO - Materia seleccionada para agregar: 9785, Grupo: Grupo 2
2025-09-10 19:10:26,552 - interfaz.components.sidebar_materias - INFO - Click en grupo: 9785 - Grupo 2
2025-09-10 19:10:26,552 - interfaz.main_window - INFO - Materia seleccionada para agregar: 9785, Grupo: Grupo 2
2025-09-10 19:10:26,728 - interfaz.components.sidebar_materias - INFO - Click en grupo: 9785 - Grupo 2
2025-09-10 19:10:26,728 - interfaz.main_window - INFO - Materia seleccionada para agregar: 9785, Grupo: Grupo 2
2025-09-10 19:10:27,302 - interfaz.components.sidebar_materias - INFO - Click en grupo: 9785 - Grupo 1
2025-09-10 19:10:27,302 - interfaz.main_window - INFO - Materia seleccionada para agregar: 9785, Grupo: Grupo 1
2025-09-10 19:10:28,360 - interfaz.components.sidebar_materias - INFO - Click en grupo: 9785 - Grupo 2
2025-09-10 19:10:28,361 - interfaz.main_window - INFO - Materia seleccionada para agregar: 9785, Grupo: Grupo 2
2025-09-10 19:10:28,569 - interfaz.components.sidebar_materias - INFO - Click en grupo: 9785 - Grupo 2
2025-09-10 19:10:28,569 - interfaz.main_window - INFO - Materia seleccionada para agregar: 9785, Grupo: Grupo 2
2025-09-10 19:10:28,746 - interfaz.components.sidebar_materias - INFO - Click en grupo: 9785 - Grupo 2
2025-09-10 19:10:28,746 - interfaz.main_window - INFO - Materia seleccionada para agregar: 9785, Grupo: Grupo 2
